<?xml version="1.0" encoding="UTF-8"?>
<!-- Generated by org.testng.reporters.JUnitReportReporter -->
<testsuite hostname="DESKTOP-0V34456" failures="0" tests="1" name="com.invicta.qa.testcases.sbu.AddSbuFunTest" time="21.499" errors="0" timestamp="20 Feb 2023 12:31:15 GMT" skipped="0">
  <testcase classname="com.invicta.qa.testcases.sbu.AddSbuFunTest" name="sbudata" time="21.499"/>
</testsuite> <!-- com.invicta.qa.testcases.sbu.AddSbuFunTest -->
