<?xml version="1.0" encoding="UTF-8"?>
<!-- Generated by org.testng.reporters.JUnitReportReporter -->
<testsuite hostname="DESKTOP-0V34456" failures="0" tests="4" name="com.invicta.qa.testcases.sbu.AddSbuUITest" time="32.973" errors="0" timestamp="17 Feb 2023 09:34:16 GMT" skipped="0">
  <testcase classname="com.invicta.qa.testcases.sbu.AddSbuUITest" name="addsbumodel" time="22.682"/>
  <testcase classname="com.invicta.qa.testcases.sbu.AddSbuUITest" name="addsbumodelsavebutton" time="0.276"/>
  <testcase classname="com.invicta.qa.testcases.sbu.AddSbuUITest" name="addsbubutton" time="2.458"/>
  <testcase classname="com.invicta.qa.testcases.sbu.AddSbuUITest" name="Menu" time="7.557"/>
</testsuite> <!-- com.invicta.qa.testcases.sbu.AddSbuUITest -->
