<?xml version="1.0" encoding="UTF-8"?>
<!-- Generated by org.testng.reporters.JUnitReportReporter -->
<testsuite hostname="DESKTOP-0V34456" failures="0" tests="5" name="com.invicta.qa.testcases.sbu.AddSbuUITest" time="34.099" errors="0" timestamp="20 Feb 2023 12:14:32 GMT" skipped="0">
  <testcase classname="com.invicta.qa.testcases.sbu.AddSbuUITest" name="addsbumodelsavebutton" time="0.504"/>
  <testcase classname="com.invicta.qa.testcases.sbu.AddSbuUITest" name="checkLastAddvalue" time="2.087"/>
  <testcase classname="com.invicta.qa.testcases.sbu.AddSbuUITest" name="Menu" time="8.122"/>
  <testcase classname="com.invicta.qa.testcases.sbu.AddSbuUITest" name="addsbubutton" time="2.795"/>
  <testcase classname="com.invicta.qa.testcases.sbu.AddSbuUITest" name="addsbumodel" time="20.591"/>
</testsuite> <!-- com.invicta.qa.testcases.sbu.AddSbuUITest -->
