<?xml version="1.0" encoding="UTF-8"?>
<!-- Generated by org.testng.reporters.JUnitReportReporter -->
<testsuite hostname="DESKTOP-0V34456" failures="0" tests="1" name="com.invicta.qa.testcases.sbu.AddSbuFunTest" time="23.141" errors="0" timestamp="20 Feb 2023 10:12:46 GMT" skipped="0">
  <testcase classname="com.invicta.qa.testcases.sbu.AddSbuFunTest" name="sbudata" time="23.141"/>
</testsuite> <!-- com.invicta.qa.testcases.sbu.AddSbuFunTest -->
