<?xml version="1.0" encoding="UTF-8"?>
<!-- Generated by org.testng.reporters.JUnitReportReporter -->
<testsuite hostname="DESKTOP-0V34456" failures="0" tests="5" name="com.invicta.qa.testcases.sbu.AddSbuUITest" time="33.838" errors="0" timestamp="20 Feb 2023 10:18:23 GMT" skipped="0">
  <testcase classname="com.invicta.qa.testcases.sbu.AddSbuUITest" name="checkLastAddvalue" time="2.058"/>
  <testcase classname="com.invicta.qa.testcases.sbu.AddSbuUITest" name="addsbumodelsavebutton" time="0.397"/>
  <testcase classname="com.invicta.qa.testcases.sbu.AddSbuUITest" name="addsbubutton" time="2.800"/>
  <testcase classname="com.invicta.qa.testcases.sbu.AddSbuUITest" name="addsbumodel" time="20.524"/>
  <testcase classname="com.invicta.qa.testcases.sbu.AddSbuUITest" name="Menu" time="8.059"/>
</testsuite> <!-- com.invicta.qa.testcases.sbu.AddSbuUITest -->
