<?xml version="1.0" encoding="UTF-8"?>
<!-- Generated by org.testng.reporters.JUnitReportReporter -->
<testsuite hostname="Invicta-16" failures="0" tests="1" name="com.invicta.qa.testcases.login.LoginTest" time="6.347" errors="0" timestamp="13 Feb 2023 09:10:35 GMT" skipped="0">
  <testcase classname="com.invicta.qa.testcases.login.LoginTest" name="Login" time="6.347"/>
</testsuite> <!-- com.invicta.qa.testcases.login.LoginTest -->
