<?xml version="1.0" encoding="UTF-8"?>
<!-- Generated by org.testng.reporters.JUnitReportReporter -->
<testsuite hostname="DESKTOP-0V34456" failures="0" tests="52" name="com.invicta.qa.testcases.sbu.TableSbuUITest" time="109.541" errors="0" timestamp="17 Feb 2023 04:31:57 GMT" skipped="0">
  <testcase classname="com.invicta.qa.testcases.sbu.TableSbuUITest" name="Menu" time="8.263"/>
  <testcase classname="com.invicta.qa.testcases.sbu.TableSbuUITest" name="visible" time="0.293"/>
  <testcase classname="com.invicta.qa.testcases.sbu.TableSbuUITest" name="fontcolor" time="0.045"/>
  <testcase classname="com.invicta.qa.testcases.sbu.TableSbuUITest" name="fontsize" time="0.046"/>
  <testcase classname="com.invicta.qa.testcases.sbu.TableSbuUITest" name="fontfamily" time="2.042"/>
  <testcase classname="com.invicta.qa.testcases.sbu.TableSbuUITest" name="fontweight" time="2.046"/>
  <testcase classname="com.invicta.qa.testcases.sbu.TableSbuUITest" name="value" time="2.046"/>
  <testcase classname="com.invicta.qa.testcases.sbu.TableSbuUITest" name="padding" time="2.039"/>
  <testcase classname="com.invicta.qa.testcases.sbu.TableSbuUITest" name="bgcolor" time="2.064"/>
  <testcase classname="com.invicta.qa.testcases.sbu.TableSbuUITest" name="borderradius" time="2.048"/>
  <testcase classname="com.invicta.qa.testcases.sbu.TableSbuUITest" name="marginleft" time="2.059"/>
  <testcase classname="com.invicta.qa.testcases.sbu.TableSbuUITest" name="margintop" time="2.079"/>
  <testcase classname="com.invicta.qa.testcases.sbu.TableSbuUITest" name="boxshadow" time="2.040"/>
  <testcase classname="com.invicta.qa.testcases.sbu.TableSbuUITest" name="height" time="2.056"/>
  <testcase classname="com.invicta.qa.testcases.sbu.TableSbuUITest" name="search" time="2.086"/>
  <testcase classname="com.invicta.qa.testcases.sbu.TableSbuUITest" name="editBtn" time="4.371"/>
  <testcase classname="com.invicta.qa.testcases.sbu.TableSbuUITest" name="deleteBtn" time="4.334"/>
  <testcase classname="com.invicta.qa.testcases.sbu.TableSbuUITest" name="descriptionicon" time="4.276"/>
  <testcase classname="com.invicta.qa.testcases.sbu.TableSbuUITest" name="descriptionmodel" time="30.132"/>
  <testcase classname="com.invicta.qa.testcases.sbu.TableSbuUITest" name="descriptiontext" time="12.941"/>
  <testcase classname="com.invicta.qa.testcases.sbu.TableSbuUITest" name="descriptiondetailtext" time="14.920"/>
  <testcase classname="com.invicta.qa.testcases.sbu.TableSbuUITest" name="modelcancelbutton" time="0.056"/>
  <testcase classname="com.invicta.qa.testcases.sbu.TableSbuUITest" name="modelcancelfontclr" time="0.031"/>
  <testcase classname="com.invicta.qa.testcases.sbu.TableSbuUITest" name="modelcancelfontsize" time="0.036"/>
  <testcase classname="com.invicta.qa.testcases.sbu.TableSbuUITest" name="modelcancelelementfamily" time="0.031"/>
  <testcase classname="com.invicta.qa.testcases.sbu.TableSbuUITest" name="modelcancelspelling" time="0.036"/>
  <testcase classname="com.invicta.qa.testcases.sbu.TableSbuUITest" name="modelcancellocation" time="0.027"/>
  <testcase classname="com.invicta.qa.testcases.sbu.TableSbuUITest" name="modelcancelpadding" time="0.028"/>
  <testcase classname="com.invicta.qa.testcases.sbu.TableSbuUITest" name="modelcanceltextshadow" time="0.028"/>
  <testcase classname="com.invicta.qa.testcases.sbu.TableSbuUITest" name="modelcanceltrspace" time="0.026"/>
  <testcase classname="com.invicta.qa.testcases.sbu.TableSbuUITest" name="modelcancelbordercolor" time="0.033"/>
  <testcase classname="com.invicta.qa.testcases.sbu.TableSbuUITest" name="modelcancelcursor" time="0.034"/>
  <testcase classname="com.invicta.qa.testcases.sbu.TableSbuUITest" name="modelcancelopacity" time="0.030"/>
  <testcase classname="com.invicta.qa.testcases.sbu.TableSbuUITest" name="modelcancelheight" time="0.026"/>
  <testcase classname="com.invicta.qa.testcases.sbu.TableSbuUITest" name="modelcancelWidth" time="0.029"/>
  <testcase classname="com.invicta.qa.testcases.sbu.TableSbuUITest" name="modelcancelfontweight" time="0.028"/>
  <testcase classname="com.invicta.qa.testcases.sbu.TableSbuUITest" name="modelcloseicon" time="6.325"/>
  <testcase classname="com.invicta.qa.testcases.sbu.TableSbuUITest" name="addsbubutton" time="0.048"/>
  <testcase classname="com.invicta.qa.testcases.sbu.TableSbuUITest" name="fontclr" time="0.035"/>
  <testcase classname="com.invicta.qa.testcases.sbu.TableSbuUITest" name="SBUfontsize" time="0.032"/>
  <testcase classname="com.invicta.qa.testcases.sbu.TableSbuUITest" name="elementfamily" time="0.030"/>
  <testcase classname="com.invicta.qa.testcases.sbu.TableSbuUITest" name="spelling" time="0.044"/>
  <testcase classname="com.invicta.qa.testcases.sbu.TableSbuUITest" name="location" time="0.032"/>
  <testcase classname="com.invicta.qa.testcases.sbu.TableSbuUITest" name="SBUpadding" time="0.033"/>
  <testcase classname="com.invicta.qa.testcases.sbu.TableSbuUITest" name="textshadow" time="0.038"/>
  <testcase classname="com.invicta.qa.testcases.sbu.TableSbuUITest" name="ltrspace" time="0.035"/>
  <testcase classname="com.invicta.qa.testcases.sbu.TableSbuUITest" name="bordercolor" time="0.029"/>
  <testcase classname="com.invicta.qa.testcases.sbu.TableSbuUITest" name="cursor" time="0.026"/>
  <testcase classname="com.invicta.qa.testcases.sbu.TableSbuUITest" name="opacity" time="0.038"/>
  <testcase classname="com.invicta.qa.testcases.sbu.TableSbuUITest" name="SBUheight" time="0.033"/>
  <testcase classname="com.invicta.qa.testcases.sbu.TableSbuUITest" name="Width" time="0.029"/>
  <testcase classname="com.invicta.qa.testcases.sbu.TableSbuUITest" name="SBUfontweight" time="0.029"/>
</testsuite> <!-- com.invicta.qa.testcases.sbu.TableSbuUITest -->
